Determining if the pthread_create exist failed with the following output:
Change Dir: /home/INTRANET/eroussel/myfiles/BA3/week4/neuron4_test/gtest/build/CMakeFiles/CMakeTmp

Run Build Command:"/usr/bin/make" "cmTryCompileExec3029187563/fast"
/usr/bin/make -f CMakeFiles/cmTryCompileExec3029187563.dir/build.make CMakeFiles/cmTryCompileExec3029187563.dir/build
make[1]: Entering directory `/home/INTRANET/eroussel/myfiles/BA3/week4/neuron4_test/gtest/build/CMakeFiles/CMakeTmp'
/usr/local/bin/cmake -E cmake_progress_report /home/INTRANET/eroussel/myfiles/BA3/week4/neuron4_test/gtest/build/CMakeFiles/CMakeTmp/CMakeFiles 1
Building C object CMakeFiles/cmTryCompileExec3029187563.dir/CheckSymbolExists.c.o
/usr/bin/cc    -o CMakeFiles/cmTryCompileExec3029187563.dir/CheckSymbolExists.c.o   -c /home/INTRANET/eroussel/myfiles/BA3/week4/neuron4_test/gtest/build/CMakeFiles/CMakeTmp/CheckSymbolExists.c
Linking C executable cmTryCompileExec3029187563
/usr/local/bin/cmake -E cmake_link_script CMakeFiles/cmTryCompileExec3029187563.dir/link.txt --verbose=1
/usr/bin/cc       CMakeFiles/cmTryCompileExec3029187563.dir/CheckSymbolExists.c.o  -o cmTryCompileExec3029187563 -rdynamic 
CMakeFiles/cmTryCompileExec3029187563.dir/CheckSymbolExists.c.o: In function `main':
CheckSymbolExists.c:(.text+0x16): undefined reference to `pthread_create'
collect2: error: ld returned 1 exit status
make[1]: *** [cmTryCompileExec3029187563] Error 1
make[1]: Leaving directory `/home/INTRANET/eroussel/myfiles/BA3/week4/neuron4_test/gtest/build/CMakeFiles/CMakeTmp'
make: *** [cmTryCompileExec3029187563/fast] Error 2

File /home/INTRANET/eroussel/myfiles/BA3/week4/neuron4_test/gtest/build/CMakeFiles/CMakeTmp/CheckSymbolExists.c:
/* */
#include <pthread.h>

int main(int argc, char** argv)
{
  (void)argv;
#ifndef pthread_create
  return ((int*)(&pthread_create))[argc];
#else
  (void)argc;
  return 0;
#endif
}

